TN:
SF:src\models\Program.js
FNF:0
FNH:0
DA:1,1
DA:3,1
DA:84,1
DA:93,1
DA:101,1
DA:103,1
LF:6
LH:6
BRF:0
BRH:0
end_of_record
TN:
SF:src\services\scrapers\nsfScraper.js
FN:5,(anonymous_0)
FN:65,(anonymous_1)
FN:87,(anonymous_2)
FN:132,(anonymous_3)
FNF:4
FNH:4
FNDA:6,(anonymous_0)
FNDA:2,(anonymous_1)
FNDA:1,(anonymous_2)
FNDA:1,(anonymous_3)
DA:1,1
DA:2,1
DA:5,1
DA:6,6
DA:7,6
DA:8,6
DA:11,6
DA:12,6
DA:15,6
DA:16,7
DA:17,7
DA:20,7
DA:32,6
DA:33,6
DA:35,1
DA:44,1
DA:45,0
DA:48,1
DA:49,1
DA:50,0
DA:54,1
DA:55,1
DA:56,1
DA:60,6
DA:61,2
DA:62,2
DA:65,2
DA:66,2
DA:67,2
DA:68,2
DA:71,2
DA:77,2
DA:78,2
DA:79,2
DA:80,2
DA:81,2
DA:83,2
DA:84,1
DA:87,1
DA:88,1
DA:89,1
DA:90,1
DA:91,1
DA:92,1
DA:93,1
DA:94,1
DA:96,1
DA:112,0
DA:113,0
DA:117,1
DA:119,1
DA:126,0
DA:131,2
DA:132,2
DA:134,2
DA:135,2
DA:138,4
DA:139,4
LF:58
LH:53
BRDA:44,0,0,0
BRDA:44,0,1,1
BRDA:49,1,0,0
BRDA:49,1,1,1
BRDA:60,2,0,6
BRDA:60,2,1,0
BRDA:67,3,0,2
BRDA:67,3,1,0
BRDA:68,4,0,2
BRDA:68,4,1,0
BRDA:80,5,0,2
BRDA:80,5,1,1
BRDA:83,6,0,1
BRDA:83,6,1,1
BRDA:83,7,0,2
BRDA:83,7,1,2
BRDA:83,7,2,2
BRDA:89,8,0,1
BRDA:89,8,1,0
BRDA:90,9,0,1
BRDA:90,9,1,0
BRF:21
BRH:14
end_of_record
